{"/home/majid/workspace/tests/DietDoctorDemo/assets/locales/en.js": {"path":"/home/majid/workspace/tests/DietDoctorDemo/assets/locales/en.js","statementMap":{},"fnMap":{},"branchMap":{},"s":{},"f":{},"b":{},"_coverageSchema":"1a1c01bbd47fc00a2c39e90264f33305004495a9","hash":"bdfa102afe005a2540ede6e7ddfb8137241cbbf0"}
,"/home/majid/workspace/tests/DietDoctorDemo/src/App.tsx": {"path":"/home/majid/workspace/tests/DietDoctorDemo/src/App.tsx","statementMap":{"0":{"start":{"line":9,"column":12},"end":{"line":17,"column":1}},"1":{"start":{"line":10,"column":2},"end":{"line":16,"column":4}}},"fnMap":{"0":{"name":"(anonymous_0)","decl":{"start":{"line":9,"column":12},"end":{"line":9,"column":13}},"loc":{"start":{"line":9,"column":18},"end":{"line":17,"column":1}},"line":9}},"branchMap":{},"s":{"0":1,"1":1},"f":{"0":1},"b":{},"_coverageSchema":"1a1c01bbd47fc00a2c39e90264f33305004495a9","hash":"860a4eb1186aaa0492ab47a96a920d7b8dd0c732"}
,"/home/majid/workspace/tests/DietDoctorDemo/src/components/atomic/index.tsx": {"path":"/home/majid/workspace/tests/DietDoctorDemo/src/components/atomic/index.tsx","statementMap":{},"fnMap":{},"branchMap":{},"s":{},"f":{},"b":{},"_coverageSchema":"1a1c01bbd47fc00a2c39e90264f33305004495a9","hash":"206b77e455183822bfab70e85e853ab6d082193e"}
,"/home/majid/workspace/tests/DietDoctorDemo/src/components/atomic/Container/index.tsx": {"path":"/home/majid/workspace/tests/DietDoctorDemo/src/components/atomic/Container/index.tsx","statementMap":{"0":{"start":{"line":8,"column":42},"end":{"line":14,"column":1}},"1":{"start":{"line":9,"column":2},"end":{"line":13,"column":4}},"2":{"start":{"line":16,"column":15},"end":{"line":20,"column":2}}},"fnMap":{"0":{"name":"(anonymous_0)","decl":{"start":{"line":8,"column":42},"end":{"line":8,"column":43}},"loc":{"start":{"line":8,"column":79},"end":{"line":14,"column":1}},"line":8}},"branchMap":{},"s":{"0":3,"1":3,"2":3},"f":{"0":3},"b":{},"_coverageSchema":"1a1c01bbd47fc00a2c39e90264f33305004495a9","hash":"0ab2024c3dbbee0a4ef639dd2fff070df8d49bbf"}
,"/home/majid/workspace/tests/DietDoctorDemo/src/components/atomic/PieChart/index.tsx": {"path":"/home/majid/workspace/tests/DietDoctorDemo/src/components/atomic/PieChart/index.tsx","statementMap":{"0":{"start":{"line":3,"column":18},"end":{"line":3,"column":53}},"1":{"start":{"line":9,"column":41},"end":{"line":11,"column":1}},"2":{"start":{"line":10,"column":2},"end":{"line":10,"column":45}}},"fnMap":{"0":{"name":"(anonymous_0)","decl":{"start":{"line":9,"column":41},"end":{"line":9,"column":42}},"loc":{"start":{"line":9,"column":67},"end":{"line":11,"column":1}},"line":9}},"branchMap":{},"s":{"0":3,"1":3,"2":3},"f":{"0":3},"b":{},"_coverageSchema":"1a1c01bbd47fc00a2c39e90264f33305004495a9","hash":"df85bd9d65093dfbf6390ad71c491c39361d94f8"}
,"/home/majid/workspace/tests/DietDoctorDemo/src/components/common/Instruction/item.tsx": {"path":"/home/majid/workspace/tests/DietDoctorDemo/src/components/common/Instruction/item.tsx","statementMap":{"0":{"start":{"line":9,"column":41},"end":{"line":18,"column":1}},"1":{"start":{"line":10,"column":2},"end":{"line":17,"column":4}},"2":{"start":{"line":22,"column":15},"end":{"line":42,"column":2}}},"fnMap":{"0":{"name":"(anonymous_0)","decl":{"start":{"line":9,"column":41},"end":{"line":9,"column":42}},"loc":{"start":{"line":9,"column":66},"end":{"line":18,"column":1}},"line":9}},"branchMap":{},"s":{"0":2,"1":20,"2":2},"f":{"0":20},"b":{},"_coverageSchema":"1a1c01bbd47fc00a2c39e90264f33305004495a9","hash":"41e4f838f12a52d85b311fc6d5c75c3f78851ca0"}
,"/home/majid/workspace/tests/DietDoctorDemo/src/components/common/Instruction/list.tsx": {"path":"/home/majid/workspace/tests/DietDoctorDemo/src/components/common/Instruction/list.tsx","statementMap":{"0":{"start":{"line":10,"column":41},"end":{"line":22,"column":1}},"1":{"start":{"line":11,"column":2},"end":{"line":13,"column":3}},"2":{"start":{"line":12,"column":4},"end":{"line":12,"column":16}},"3":{"start":{"line":15,"column":2},"end":{"line":21,"column":4}},"4":{"start":{"line":18,"column":8},"end":{"line":18,"column":75}}},"fnMap":{"0":{"name":"(anonymous_0)","decl":{"start":{"line":10,"column":41},"end":{"line":10,"column":42}},"loc":{"start":{"line":10,"column":61},"end":{"line":22,"column":1}},"line":10},"1":{"name":"(anonymous_1)","decl":{"start":{"line":17,"column":33},"end":{"line":17,"column":34}},"loc":{"start":{"line":18,"column":8},"end":{"line":18,"column":75}},"line":18}},"branchMap":{"0":{"loc":{"start":{"line":11,"column":2},"end":{"line":13,"column":3}},"type":"if","locations":[{"start":{"line":11,"column":2},"end":{"line":13,"column":3}},{"start":{"line":11,"column":2},"end":{"line":13,"column":3}}],"line":11},"1":{"loc":{"start":{"line":11,"column":8},"end":{"line":11,"column":47}},"type":"binary-expr","locations":[{"start":{"line":11,"column":8},"end":{"line":11,"column":20}},{"start":{"line":11,"column":24},"end":{"line":11,"column":47}}],"line":11}},"s":{"0":2,"1":2,"2":1,"3":1,"4":7},"f":{"0":2,"1":7},"b":{"0":[1,1],"1":[2,2]},"_coverageSchema":"1a1c01bbd47fc00a2c39e90264f33305004495a9","hash":"b5e8ca0a4e14966a825748bba405524680d3e5cc"}
,"/home/majid/workspace/tests/DietDoctorDemo/src/components/common/Nutrition/index.tsx": {"path":"/home/majid/workspace/tests/DietDoctorDemo/src/components/common/Nutrition/index.tsx","statementMap":{"0":{"start":{"line":11,"column":39},"end":{"line":41,"column":1}},"1":{"start":{"line":12,"column":2},"end":{"line":40,"column":4}},"2":{"start":{"line":18,"column":12},"end":{"line":20,"column":13}},"3":{"start":{"line":19,"column":14},"end":{"line":19,"column":26}},"4":{"start":{"line":21,"column":12},"end":{"line":27,"column":14}},"5":{"start":{"line":34,"column":14},"end":{"line":34,"column":52}},"6":{"start":{"line":45,"column":15},"end":{"line":60,"column":2}}},"fnMap":{"0":{"name":"(anonymous_0)","decl":{"start":{"line":11,"column":39},"end":{"line":11,"column":40}},"loc":{"start":{"line":11,"column":56},"end":{"line":41,"column":1}},"line":11},"1":{"name":"(anonymous_1)","decl":{"start":{"line":17,"column":48},"end":{"line":17,"column":49}},"loc":{"start":{"line":17,"column":65},"end":{"line":28,"column":11}},"line":17},"2":{"name":"(anonymous_2)","decl":{"start":{"line":33,"column":60},"end":{"line":33,"column":61}},"loc":{"start":{"line":34,"column":14},"end":{"line":34,"column":52}},"line":34}},"branchMap":{"0":{"loc":{"start":{"line":18,"column":12},"end":{"line":20,"column":13}},"type":"if","locations":[{"start":{"line":18,"column":12},"end":{"line":20,"column":13}},{"start":{"line":18,"column":12},"end":{"line":20,"column":13}}],"line":18},"1":{"loc":{"start":{"line":34,"column":14},"end":{"line":34,"column":52}},"type":"cond-expr","locations":[{"start":{"line":34,"column":41},"end":{"line":34,"column":48}},{"start":{"line":34,"column":51},"end":{"line":34,"column":52}}],"line":34}},"s":{"0":2,"1":1,"2":5,"3":0,"4":5,"5":3,"6":2},"f":{"0":1,"1":5,"2":3},"b":{"0":[0,5],"1":[3,0]},"_coverageSchema":"1a1c01bbd47fc00a2c39e90264f33305004495a9","hash":"77ed3ee566fbbe9c5020136249aa9a490e956d23"}
,"/home/majid/workspace/tests/DietDoctorDemo/src/components/common/Nutrition/item.tsx": {"path":"/home/majid/workspace/tests/DietDoctorDemo/src/components/common/Nutrition/item.tsx","statementMap":{"0":{"start":{"line":9,"column":39},"end":{"line":22,"column":1}},"1":{"start":{"line":10,"column":2},"end":{"line":21,"column":4}},"2":{"start":{"line":26,"column":15},"end":{"line":45,"column":2}}},"fnMap":{"0":{"name":"(anonymous_0)","decl":{"start":{"line":9,"column":39},"end":{"line":9,"column":40}},"loc":{"start":{"line":9,"column":74},"end":{"line":22,"column":1}},"line":9}},"branchMap":{"0":{"loc":{"start":{"line":16,"column":9},"end":{"line":18,"column":16}},"type":"cond-expr","locations":[{"start":{"line":17,"column":10},"end":{"line":17,"column":77}},{"start":{"line":18,"column":12},"end":{"line":18,"column":16}}],"line":16}},"s":{"0":2,"1":6,"2":2},"f":{"0":6},"b":{"0":[3,3]},"_coverageSchema":"1a1c01bbd47fc00a2c39e90264f33305004495a9","hash":"5a2a56c5f6e419ec7f4e49b03bc87352cb8cd6f3"}
,"/home/majid/workspace/tests/DietDoctorDemo/src/components/common/Tag/item.tsx": {"path":"/home/majid/workspace/tests/DietDoctorDemo/src/components/common/Tag/item.tsx","statementMap":{"0":{"start":{"line":10,"column":33},"end":{"line":16,"column":1}},"1":{"start":{"line":11,"column":2},"end":{"line":15,"column":4}},"2":{"start":{"line":20,"column":15},"end":{"line":28,"column":2}}},"fnMap":{"0":{"name":"(anonymous_0)","decl":{"start":{"line":10,"column":33},"end":{"line":10,"column":34}},"loc":{"start":{"line":10,"column":68},"end":{"line":16,"column":1}},"line":10}},"branchMap":{"0":{"loc":{"start":{"line":10,"column":40},"end":{"line":10,"column":57}},"type":"default-arg","locations":[{"start":{"line":10,"column":48},"end":{"line":10,"column":57}}],"line":10}},"s":{"0":2,"1":4,"2":2},"f":{"0":4},"b":{"0":[4]},"_coverageSchema":"1a1c01bbd47fc00a2c39e90264f33305004495a9","hash":"15026b46be684a228769ef7fb37a67f95d8fbb84"}
,"/home/majid/workspace/tests/DietDoctorDemo/src/components/common/Tag/list.tsx": {"path":"/home/majid/workspace/tests/DietDoctorDemo/src/components/common/Tag/list.tsx","statementMap":{"0":{"start":{"line":12,"column":33},"end":{"line":23,"column":1}},"1":{"start":{"line":13,"column":2},"end":{"line":22,"column":4}},"2":{"start":{"line":17,"column":30},"end":{"line":17,"column":37}},"3":{"start":{"line":18,"column":30},"end":{"line":18,"column":66}}},"fnMap":{"0":{"name":"(anonymous_0)","decl":{"start":{"line":12,"column":33},"end":{"line":12,"column":34}},"loc":{"start":{"line":12,"column":66},"end":{"line":23,"column":1}},"line":12},"1":{"name":"(anonymous_1)","decl":{"start":{"line":17,"column":20},"end":{"line":17,"column":21}},"loc":{"start":{"line":17,"column":30},"end":{"line":17,"column":37}},"line":17},"2":{"name":"(anonymous_2)","decl":{"start":{"line":18,"column":18},"end":{"line":18,"column":19}},"loc":{"start":{"line":18,"column":30},"end":{"line":18,"column":66}},"line":18}},"branchMap":{},"s":{"0":2,"1":1,"2":2,"3":2},"f":{"0":1,"1":2,"2":2},"b":{},"_coverageSchema":"1a1c01bbd47fc00a2c39e90264f33305004495a9","hash":"ead84c827ec2a1a767779f6acdf2a1fd47c409cb"}
,"/home/majid/workspace/tests/DietDoctorDemo/src/components/screen/Home/item.tsx": {"path":"/home/majid/workspace/tests/DietDoctorDemo/src/components/screen/Home/item.tsx","statementMap":{"0":{"start":{"line":12,"column":38},"end":{"line":31,"column":1}},"1":{"start":{"line":14,"column":4},"end":{"line":16,"column":58}},"2":{"start":{"line":17,"column":2},"end":{"line":30,"column":4}},"3":{"start":{"line":35,"column":15},"end":{"line":68,"column":2}}},"fnMap":{"0":{"name":"(anonymous_0)","decl":{"start":{"line":12,"column":38},"end":{"line":12,"column":39}},"loc":{"start":{"line":12,"column":62},"end":{"line":31,"column":1}},"line":12}},"branchMap":{"0":{"loc":{"start":{"line":14,"column":4},"end":{"line":16,"column":58}},"type":"cond-expr","locations":[{"start":{"line":15,"column":8},"end":{"line":15,"column":43}},{"start":{"line":16,"column":8},"end":{"line":16,"column":58}}],"line":14},"1":{"loc":{"start":{"line":14,"column":4},"end":{"line":14,"column":37}},"type":"binary-expr","locations":[{"start":{"line":14,"column":4},"end":{"line":14,"column":17}},{"start":{"line":14,"column":21},"end":{"line":14,"column":37}}],"line":14}},"s":{"0":2,"1":2,"2":2,"3":2},"f":{"0":2},"b":{"0":[2,0],"1":[2,2]},"_coverageSchema":"1a1c01bbd47fc00a2c39e90264f33305004495a9","hash":"10f33bb1a8736ad900f1d9a77e4ba7136c80e3bf"}
,"/home/majid/workspace/tests/DietDoctorDemo/src/components/screen/Home/list.tsx": {"path":"/home/majid/workspace/tests/DietDoctorDemo/src/components/screen/Home/list.tsx","statementMap":{"0":{"start":{"line":11,"column":34},"end":{"line":25,"column":1}},"1":{"start":{"line":12,"column":2},"end":{"line":24,"column":4}},"2":{"start":{"line":17,"column":32},"end":{"line":17,"column":39}},"3":{"start":{"line":20,"column":10},"end":{"line":20,"column":64}},"4":{"start":{"line":20,"column":46},"end":{"line":20,"column":60}},"5":{"start":{"line":29,"column":15},"end":{"line":33,"column":2}}},"fnMap":{"0":{"name":"(anonymous_0)","decl":{"start":{"line":11,"column":34},"end":{"line":11,"column":35}},"loc":{"start":{"line":11,"column":73},"end":{"line":25,"column":1}},"line":11},"1":{"name":"(anonymous_1)","decl":{"start":{"line":17,"column":22},"end":{"line":17,"column":23}},"loc":{"start":{"line":17,"column":32},"end":{"line":17,"column":39}},"line":17},"2":{"name":"(anonymous_2)","decl":{"start":{"line":19,"column":20},"end":{"line":19,"column":21}},"loc":{"start":{"line":20,"column":10},"end":{"line":20,"column":64}},"line":20},"3":{"name":"(anonymous_3)","decl":{"start":{"line":20,"column":40},"end":{"line":20,"column":41}},"loc":{"start":{"line":20,"column":46},"end":{"line":20,"column":60}},"line":20}},"branchMap":{},"s":{"0":2,"1":1,"2":1,"3":1,"4":0,"5":2},"f":{"0":1,"1":1,"2":1,"3":0},"b":{},"_coverageSchema":"1a1c01bbd47fc00a2c39e90264f33305004495a9","hash":"b4ec5c4266e25f5cec2deaf475493bd6eab3b420"}
,"/home/majid/workspace/tests/DietDoctorDemo/src/components/screen/List/item.tsx": {"path":"/home/majid/workspace/tests/DietDoctorDemo/src/components/screen/List/item.tsx","statementMap":{"0":{"start":{"line":13,"column":38},"end":{"line":38,"column":1}},"1":{"start":{"line":15,"column":4},"end":{"line":17,"column":58}},"2":{"start":{"line":18,"column":2},"end":{"line":37,"column":4}},"3":{"start":{"line":21,"column":21},"end":{"line":21,"column":31}},"4":{"start":{"line":42,"column":15},"end":{"line":75,"column":2}}},"fnMap":{"0":{"name":"(anonymous_0)","decl":{"start":{"line":13,"column":38},"end":{"line":13,"column":39}},"loc":{"start":{"line":13,"column":62},"end":{"line":38,"column":1}},"line":13},"1":{"name":"(anonymous_1)","decl":{"start":{"line":21,"column":15},"end":{"line":21,"column":16}},"loc":{"start":{"line":21,"column":21},"end":{"line":21,"column":31}},"line":21}},"branchMap":{"0":{"loc":{"start":{"line":15,"column":4},"end":{"line":17,"column":58}},"type":"cond-expr","locations":[{"start":{"line":16,"column":8},"end":{"line":16,"column":43}},{"start":{"line":17,"column":8},"end":{"line":17,"column":58}}],"line":15},"1":{"loc":{"start":{"line":15,"column":4},"end":{"line":15,"column":37}},"type":"binary-expr","locations":[{"start":{"line":15,"column":4},"end":{"line":15,"column":17}},{"start":{"line":15,"column":21},"end":{"line":15,"column":37}}],"line":15}},"s":{"0":1,"1":0,"2":0,"3":0,"4":1},"f":{"0":0,"1":0},"b":{"0":[0,0],"1":[0,0]},"_coverageSchema":"1a1c01bbd47fc00a2c39e90264f33305004495a9","hash":"c2d8512346f2d5cf8cc0b88784c8a65715b2bea9"}
,"/home/majid/workspace/tests/DietDoctorDemo/src/hooks/useGetRecipes.tsx": {"path":"/home/majid/workspace/tests/DietDoctorDemo/src/hooks/useGetRecipes.tsx","statementMap":{"0":{"start":{"line":4,"column":25},"end":{"line":100,"column":1}},"1":{"start":{"line":102,"column":29},"end":{"line":107,"column":1}},"2":{"start":{"line":103,"column":16},"end":{"line":105,"column":4}},"3":{"start":{"line":106,"column":2},"end":{"line":106,"column":15}}},"fnMap":{"0":{"name":"(anonymous_0)","decl":{"start":{"line":102,"column":29},"end":{"line":102,"column":30}},"loc":{"start":{"line":102,"column":79},"end":{"line":107,"column":1}},"line":102}},"branchMap":{},"s":{"0":1,"1":1,"2":1,"3":1},"f":{"0":1},"b":{},"_coverageSchema":"1a1c01bbd47fc00a2c39e90264f33305004495a9","hash":"3d62f7485f7c624b20f97b1a6bc9f6faeda6b1bb"}
,"/home/majid/workspace/tests/DietDoctorDemo/src/navigation/index.tsx": {"path":"/home/majid/workspace/tests/DietDoctorDemo/src/navigation/index.tsx","statementMap":{"0":{"start":{"line":17,"column":14},"end":{"line":17,"column":56}},"1":{"start":{"line":20,"column":19},"end":{"line":20,"column":29}},"2":{"start":{"line":21,"column":2},"end":{"line":55,"column":4}},"3":{"start":{"line":49,"column":10},"end":{"line":51,"column":12}}},"fnMap":{"0":{"name":"MainNavigation","decl":{"start":{"line":19,"column":9},"end":{"line":19,"column":23}},"loc":{"start":{"line":19,"column":26},"end":{"line":56,"column":1}},"line":19},"1":{"name":"(anonymous_1)","decl":{"start":{"line":48,"column":17},"end":{"line":48,"column":18}},"loc":{"start":{"line":48,"column":33},"end":{"line":52,"column":9}},"line":48}},"branchMap":{},"s":{"0":1,"1":1,"2":1,"3":0},"f":{"0":1,"1":0},"b":{},"_coverageSchema":"1a1c01bbd47fc00a2c39e90264f33305004495a9","hash":"26dec17180f6723f35d26f6feb02d13f35664f6b"}
,"/home/majid/workspace/tests/DietDoctorDemo/src/screens/Detail/index.tsx": {"path":"/home/majid/workspace/tests/DietDoctorDemo/src/screens/Detail/index.tsx","statementMap":{"0":{"start":{"line":12,"column":17},"end":{"line":12,"column":41}},"1":{"start":{"line":13,"column":21},"end":{"line":13,"column":37}},"2":{"start":{"line":21,"column":32},"end":{"line":91,"column":1}},"3":{"start":{"line":22,"column":19},"end":{"line":22,"column":31}},"4":{"start":{"line":23,"column":18},"end":{"line":23,"column":61}},"5":{"start":{"line":26,"column":4},"end":{"line":28,"column":58}},"6":{"start":{"line":30,"column":22},"end":{"line":46,"column":3}},"7":{"start":{"line":31,"column":22},"end":{"line":34,"column":6}},"8":{"start":{"line":36,"column":4},"end":{"line":45,"column":6}},"9":{"start":{"line":48,"column":2},"end":{"line":90,"column":4}},"10":{"start":{"line":95,"column":15},"end":{"line":137,"column":2}}},"fnMap":{"0":{"name":"(anonymous_0)","decl":{"start":{"line":21,"column":32},"end":{"line":21,"column":33}},"loc":{"start":{"line":21,"column":45},"end":{"line":91,"column":1}},"line":21},"1":{"name":"(anonymous_1)","decl":{"start":{"line":30,"column":22},"end":{"line":30,"column":23}},"loc":{"start":{"line":30,"column":28},"end":{"line":46,"column":3}},"line":30}},"branchMap":{"0":{"loc":{"start":{"line":26,"column":4},"end":{"line":28,"column":58}},"type":"cond-expr","locations":[{"start":{"line":27,"column":8},"end":{"line":27,"column":43}},{"start":{"line":28,"column":8},"end":{"line":28,"column":58}}],"line":26},"1":{"loc":{"start":{"line":26,"column":4},"end":{"line":26,"column":37}},"type":"binary-expr","locations":[{"start":{"line":26,"column":4},"end":{"line":26,"column":17}},{"start":{"line":26,"column":21},"end":{"line":26,"column":37}}],"line":26}},"s":{"0":1,"1":1,"2":1,"3":0,"4":0,"5":0,"6":0,"7":0,"8":0,"9":0,"10":1},"f":{"0":0,"1":0},"b":{"0":[0,0],"1":[0,0]},"_coverageSchema":"1a1c01bbd47fc00a2c39e90264f33305004495a9","hash":"74a10f4c7dae31dc856a58c43b7a882887ecb48f"}
,"/home/majid/workspace/tests/DietDoctorDemo/src/screens/Home/index.tsx": {"path":"/home/majid/workspace/tests/DietDoctorDemo/src/screens/Home/index.tsx","statementMap":{"0":{"start":{"line":11,"column":30},"end":{"line":40,"column":1}},"1":{"start":{"line":12,"column":17},"end":{"line":18,"column":4}},"2":{"start":{"line":20,"column":2},"end":{"line":39,"column":4}},"3":{"start":{"line":26,"column":45},"end":{"line":26,"column":72}},"4":{"start":{"line":33,"column":14},"end":{"line":33,"column":53}},"5":{"start":{"line":44,"column":15},"end":{"line":61,"column":2}}},"fnMap":{"0":{"name":"(anonymous_0)","decl":{"start":{"line":11,"column":30},"end":{"line":11,"column":31}},"loc":{"start":{"line":11,"column":53},"end":{"line":40,"column":1}},"line":11},"1":{"name":"(anonymous_1)","decl":{"start":{"line":26,"column":39},"end":{"line":26,"column":40}},"loc":{"start":{"line":26,"column":45},"end":{"line":26,"column":72}},"line":26},"2":{"name":"(anonymous_2)","decl":{"start":{"line":32,"column":22},"end":{"line":32,"column":23}},"loc":{"start":{"line":33,"column":14},"end":{"line":33,"column":53}},"line":33}},"branchMap":{"0":{"loc":{"start":{"line":22,"column":7},"end":{"line":37,"column":14}},"type":"cond-expr","locations":[{"start":{"line":23,"column":8},"end":{"line":36,"column":15}},{"start":{"line":37,"column":10},"end":{"line":37,"column":14}}],"line":22},"1":{"loc":{"start":{"line":22,"column":7},"end":{"line":22,"column":59}},"type":"binary-expr","locations":[{"start":{"line":22,"column":7},"end":{"line":22,"column":11}},{"start":{"line":22,"column":15},"end":{"line":22,"column":31}},{"start":{"line":22,"column":35},"end":{"line":22,"column":59}}],"line":22}},"s":{"0":1,"1":1,"2":1,"3":0,"4":0,"5":1},"f":{"0":1,"1":0,"2":0},"b":{"0":[0,1],"1":[1,0,0]},"_coverageSchema":"1a1c01bbd47fc00a2c39e90264f33305004495a9","hash":"c6a4f9df3692853ab1c0dbae92d0d6e0822afde2"}
,"/home/majid/workspace/tests/DietDoctorDemo/src/screens/List/index.tsx": {"path":"/home/majid/workspace/tests/DietDoctorDemo/src/screens/List/index.tsx","statementMap":{"0":{"start":{"line":9,"column":30},"end":{"line":50,"column":1}},"1":{"start":{"line":10,"column":28},"end":{"line":16,"column":4}},"2":{"start":{"line":18,"column":20},"end":{"line":24,"column":3}},"3":{"start":{"line":19,"column":4},"end":{"line":23,"column":7}},"4":{"start":{"line":26,"column":21},"end":{"line":41,"column":3}},"5":{"start":{"line":27,"column":4},"end":{"line":40,"column":6}},"6":{"start":{"line":31,"column":32},"end":{"line":31,"column":39}},"7":{"start":{"line":33,"column":10},"end":{"line":36,"column":12}},"8":{"start":{"line":34,"column":28},"end":{"line":34,"column":73}},"9":{"start":{"line":38,"column":28},"end":{"line":38,"column":39}},"10":{"start":{"line":43,"column":2},"end":{"line":49,"column":4}},"11":{"start":{"line":54,"column":15},"end":{"line":61,"column":2}}},"fnMap":{"0":{"name":"(anonymous_0)","decl":{"start":{"line":9,"column":30},"end":{"line":9,"column":31}},"loc":{"start":{"line":9,"column":48},"end":{"line":50,"column":1}},"line":9},"1":{"name":"(anonymous_1)","decl":{"start":{"line":18,"column":20},"end":{"line":18,"column":21}},"loc":{"start":{"line":18,"column":26},"end":{"line":24,"column":3}},"line":18},"2":{"name":"(anonymous_2)","decl":{"start":{"line":26,"column":21},"end":{"line":26,"column":22}},"loc":{"start":{"line":26,"column":27},"end":{"line":41,"column":3}},"line":26},"3":{"name":"(anonymous_3)","decl":{"start":{"line":31,"column":22},"end":{"line":31,"column":23}},"loc":{"start":{"line":31,"column":32},"end":{"line":31,"column":39}},"line":31},"4":{"name":"(anonymous_4)","decl":{"start":{"line":32,"column":20},"end":{"line":32,"column":21}},"loc":{"start":{"line":33,"column":10},"end":{"line":36,"column":12}},"line":33},"5":{"name":"(anonymous_5)","decl":{"start":{"line":34,"column":22},"end":{"line":34,"column":23}},"loc":{"start":{"line":34,"column":28},"end":{"line":34,"column":73}},"line":34},"6":{"name":"(anonymous_6)","decl":{"start":{"line":38,"column":22},"end":{"line":38,"column":23}},"loc":{"start":{"line":38,"column":28},"end":{"line":38,"column":39}},"line":38}},"branchMap":{"0":{"loc":{"start":{"line":45,"column":7},"end":{"line":47,"column":14}},"type":"cond-expr","locations":[{"start":{"line":46,"column":10},"end":{"line":46,"column":22}},{"start":{"line":47,"column":10},"end":{"line":47,"column":14}}],"line":45},"1":{"loc":{"start":{"line":45,"column":7},"end":{"line":45,"column":59}},"type":"binary-expr","locations":[{"start":{"line":45,"column":7},"end":{"line":45,"column":11}},{"start":{"line":45,"column":15},"end":{"line":45,"column":31}},{"start":{"line":45,"column":35},"end":{"line":45,"column":59}}],"line":45}},"s":{"0":1,"1":0,"2":0,"3":0,"4":0,"5":0,"6":0,"7":0,"8":0,"9":0,"10":0,"11":1},"f":{"0":0,"1":0,"2":0,"3":0,"4":0,"5":0,"6":0},"b":{"0":[0,0],"1":[0,0,0]},"_coverageSchema":"1a1c01bbd47fc00a2c39e90264f33305004495a9","hash":"d133e48e8ff67e431edab8831f75f1cc5b01285c"}
,"/home/majid/workspace/tests/DietDoctorDemo/src/services/apollo.tsx": {"path":"/home/majid/workspace/tests/DietDoctorDemo/src/services/apollo.tsx","statementMap":{"0":{"start":{"line":4,"column":14},"end":{"line":26,"column":2}},"1":{"start":{"line":13,"column":12},"end":{"line":13,"column":53}},"2":{"start":{"line":14,"column":12},"end":{"line":20,"column":14}},"3":{"start":{"line":29,"column":15},"end":{"line":32,"column":2}}},"fnMap":{"0":{"name":"(anonymous_0)","decl":{"start":{"line":11,"column":10},"end":{"line":11,"column":11}},"loc":{"start":{"line":11,"column":41},"end":{"line":21,"column":11}},"line":11}},"branchMap":{"0":{"loc":{"start":{"line":11,"column":16},"end":{"line":11,"column":29}},"type":"default-arg","locations":[{"start":{"line":11,"column":27},"end":{"line":11,"column":29}}],"line":11},"1":{"loc":{"start":{"line":17,"column":20},"end":{"line":17,"column":60}},"type":"cond-expr","locations":[{"start":{"line":17,"column":39},"end":{"line":17,"column":55}},{"start":{"line":17,"column":58},"end":{"line":17,"column":60}}],"line":17}},"s":{"0":1,"1":0,"2":0,"3":1},"f":{"0":0},"b":{"0":[0],"1":[0,0]},"_coverageSchema":"1a1c01bbd47fc00a2c39e90264f33305004495a9","hash":"146c3d0c8e10ccd88b53bf34a6386070f0287a07"}
,"/home/majid/workspace/tests/DietDoctorDemo/src/services/constants.tsx": {"path":"/home/majid/workspace/tests/DietDoctorDemo/src/services/constants.tsx","statementMap":{"0":{"start":{"line":1,"column":25},"end":{"line":1,"column":51}}},"fnMap":{},"branchMap":{},"s":{"0":2},"f":{},"b":{},"_coverageSchema":"1a1c01bbd47fc00a2c39e90264f33305004495a9","hash":"0bcbb1c63cd4aececeac79801bc7221ab02db4c7"}
,"/home/majid/workspace/tests/DietDoctorDemo/src/services/themes.tsx": {"path":"/home/majid/workspace/tests/DietDoctorDemo/src/services/themes.tsx","statementMap":{"0":{"start":{"line":3,"column":16},"end":{"line":9,"column":1}}},"fnMap":{},"branchMap":{},"s":{"0":1},"f":{},"b":{},"_coverageSchema":"1a1c01bbd47fc00a2c39e90264f33305004495a9","hash":"8c70911d5918a647e0bcde3e1d2015a638f462a1"}
,"/home/majid/workspace/tests/DietDoctorDemo/src/services/translate.tsx": {"path":"/home/majid/workspace/tests/DietDoctorDemo/src/services/translate.tsx","statementMap":{"0":{"start":{"line":5,"column":16},"end":{"line":5,"column":39}},"1":{"start":{"line":7,"column":0},"end":{"line":9,"column":1}},"2":{"start":{"line":8,"column":2},"end":{"line":8,"column":39}},"3":{"start":{"line":11,"column":0},"end":{"line":11,"column":22}},"4":{"start":{"line":12,"column":0},"end":{"line":12,"column":32}},"5":{"start":{"line":13,"column":0},"end":{"line":15,"column":2}}},"fnMap":{},"branchMap":{"0":{"loc":{"start":{"line":7,"column":0},"end":{"line":9,"column":1}},"type":"if","locations":[{"start":{"line":7,"column":0},"end":{"line":9,"column":1}},{"start":{"line":7,"column":0},"end":{"line":9,"column":1}}],"line":7}},"s":{"0":1,"1":1,"2":1,"3":1,"4":1,"5":1},"f":{},"b":{"0":[1,0]},"_coverageSchema":"1a1c01bbd47fc00a2c39e90264f33305004495a9","hash":"1bddf095cdd6822eaa3fa67436706868d09b9671"}
}
