{"/home/majid/workspace/tests/DietDoctorDemo/src/components/common/Instruction/item.tsx": {"path":"/home/majid/workspace/tests/DietDoctorDemo/src/components/common/Instruction/item.tsx","statementMap":{"0":{"start":{"line":9,"column":41},"end":{"line":18,"column":1}},"1":{"start":{"line":10,"column":2},"end":{"line":17,"column":4}},"2":{"start":{"line":22,"column":15},"end":{"line":42,"column":2}}},"fnMap":{"0":{"name":"(anonymous_0)","decl":{"start":{"line":9,"column":41},"end":{"line":9,"column":42}},"loc":{"start":{"line":9,"column":66},"end":{"line":18,"column":1}},"line":9}},"branchMap":{},"s":{"0":1,"1":20,"2":1},"f":{"0":20},"b":{},"_coverageSchema":"1a1c01bbd47fc00a2c39e90264f33305004495a9","hash":"41e4f838f12a52d85b311fc6d5c75c3f78851ca0"}
,"/home/majid/workspace/tests/DietDoctorDemo/src/components/common/Instruction/list.tsx": {"path":"/home/majid/workspace/tests/DietDoctorDemo/src/components/common/Instruction/list.tsx","statementMap":{"0":{"start":{"line":10,"column":41},"end":{"line":22,"column":1}},"1":{"start":{"line":11,"column":2},"end":{"line":13,"column":3}},"2":{"start":{"line":12,"column":4},"end":{"line":12,"column":16}},"3":{"start":{"line":15,"column":2},"end":{"line":21,"column":4}},"4":{"start":{"line":18,"column":8},"end":{"line":18,"column":75}}},"fnMap":{"0":{"name":"(anonymous_0)","decl":{"start":{"line":10,"column":41},"end":{"line":10,"column":42}},"loc":{"start":{"line":10,"column":61},"end":{"line":22,"column":1}},"line":10},"1":{"name":"(anonymous_1)","decl":{"start":{"line":17,"column":33},"end":{"line":17,"column":34}},"loc":{"start":{"line":18,"column":8},"end":{"line":18,"column":75}},"line":18}},"branchMap":{"0":{"loc":{"start":{"line":11,"column":2},"end":{"line":13,"column":3}},"type":"if","locations":[{"start":{"line":11,"column":2},"end":{"line":13,"column":3}},{"start":{"line":11,"column":2},"end":{"line":13,"column":3}}],"line":11},"1":{"loc":{"start":{"line":11,"column":8},"end":{"line":11,"column":47}},"type":"binary-expr","locations":[{"start":{"line":11,"column":8},"end":{"line":11,"column":20}},{"start":{"line":11,"column":24},"end":{"line":11,"column":47}}],"line":11}},"s":{"0":1,"1":2,"2":1,"3":1,"4":7},"f":{"0":2,"1":7},"b":{"0":[1,1],"1":[2,2]},"_coverageSchema":"1a1c01bbd47fc00a2c39e90264f33305004495a9","hash":"b5e8ca0a4e14966a825748bba405524680d3e5cc"}
}
