TN:
SF:assets/locales/en.js
FNF:0
FNH:0
LF:0
LH:0
BRF:0
BRH:0
end_of_record
TN:
SF:src/App.tsx
FN:9,(anonymous_0)
FNF:1
FNH:1
FNDA:1,(anonymous_0)
DA:9,1
DA:10,1
LF:2
LH:2
BRF:0
BRH:0
end_of_record
TN:
SF:src/components/atomic/index.tsx
FNF:0
FNH:0
LF:0
LH:0
BRF:0
BRH:0
end_of_record
TN:
SF:src/components/atomic/Container/index.tsx
FN:8,(anonymous_0)
FNF:1
FNH:1
FNDA:6,(anonymous_0)
DA:8,6
DA:9,6
DA:16,6
LF:3
LH:3
BRF:0
BRH:0
end_of_record
TN:
SF:src/components/atomic/PieChart/index.tsx
FN:15,(anonymous_0)
FN:28,(anonymous_1)
FNF:2
FNH:1
FNDA:2,(anonymous_0)
FNDA:0,(anonymous_1)
DA:4,6
DA:15,6
DA:22,2
DA:23,2
DA:29,0
DA:37,6
LF:6
LH:5
BRDA:5,0,0,6
BRDA:5,0,1,0
BRDA:16,1,0,0
BRDA:17,2,0,0
BRDA:18,3,0,0
BRF:5
BRH:1
end_of_record
TN:
SF:src/components/atomic/Section/index.tsx
FN:8,(anonymous_0)
FN:14,(anonymous_1)
FNF:2
FNH:1
FNDA:4,(anonymous_0)
FNDA:0,(anonymous_1)
DA:8,6
DA:9,4
DA:10,4
DA:14,0
DA:22,6
LF:5
LH:4
BRDA:17,0,0,4
BRDA:17,0,1,0
BRF:2
BRH:1
end_of_record
TN:
SF:src/components/common/Instruction/item.tsx
FN:9,(anonymous_0)
FNF:1
FNH:1
FNDA:33,(anonymous_0)
DA:9,3
DA:10,33
DA:22,3
LF:3
LH:3
BRF:0
BRH:0
end_of_record
TN:
SF:src/components/common/Instruction/list.tsx
FN:12,(anonymous_0)
FN:18,(anonymous_1)
FN:21,(anonymous_2)
FN:30,(anonymous_3)
FNF:4
FNH:4
FNDA:3,(anonymous_0)
FNDA:3,(anonymous_1)
FNDA:20,(anonymous_2)
FNDA:3,(anonymous_3)
DA:12,3
DA:13,3
DA:14,3
DA:15,1
DA:18,2
DA:19,3
DA:22,20
DA:28,2
DA:31,3
DA:46,3
LF:10
LH:10
BRDA:14,0,0,1
BRDA:14,0,1,2
BRDA:14,1,0,3
BRDA:14,1,1,3
BRDA:33,2,0,2
BRDA:33,2,1,1
BRF:6
BRH:6
end_of_record
TN:
SF:src/components/common/Nutrition/index.tsx
FN:17,(anonymous_0)
FN:23,(anonymous_1)
FN:30,(anonymous_2)
FN:34,(anonymous_3)
FN:47,(anonymous_4)
FN:56,(anonymous_5)
FN:67,(anonymous_6)
FNF:7
FNH:3
FNDA:2,(anonymous_0)
FNDA:6,(anonymous_1)
FNDA:0,(anonymous_2)
FNDA:0,(anonymous_3)
FNDA:10,(anonymous_4)
FNDA:0,(anonymous_5)
FNDA:0,(anonymous_6)
DA:15,3
DA:17,3
DA:18,2
DA:19,2
DA:21,2
DA:22,2
DA:23,2
DA:24,6
DA:25,6
DA:26,6
DA:30,2
DA:31,0
DA:34,2
DA:35,0
DA:36,0
DA:37,0
DA:40,2
DA:42,2
DA:48,10
DA:49,0
DA:51,10
DA:56,0
DA:67,0
DA:78,3
LF:24
LH:17
BRDA:24,0,0,6
BRDA:24,0,1,0
BRDA:48,1,0,0
BRDA:48,1,1,10
BRF:4
BRH:2
end_of_record
TN:
SF:src/components/common/Nutrition/item.tsx
FN:13,(anonymous_0)
FN:21,(anonymous_1)
FNF:2
FNH:1
FNDA:1,(anonymous_0)
FNDA:0,(anonymous_1)
DA:13,3
DA:19,1
DA:20,1
DA:21,0
DA:49,3
LF:5
LH:4
BRDA:23,0,0,0
BRDA:23,0,1,1
BRDA:26,1,0,0
BRDA:26,1,1,0
BRDA:37,2,0,0
BRDA:37,2,1,1
BRF:6
BRH:2
end_of_record
TN:
SF:src/components/common/Tag/item.tsx
FN:12,(anonymous_0)
FNF:1
FNH:1
FNDA:12,(anonymous_0)
DA:12,4
DA:13,12
DA:14,12
DA:27,4
LF:4
LH:4
BRDA:17,0,0,12
BRDA:17,0,1,4
BRDA:18,1,0,12
BRDA:18,1,1,4
BRF:4
BRH:4
end_of_record
TN:
SF:src/components/common/Tag/list.tsx
FN:12,(anonymous_0)
FN:18,(anonymous_1)
FN:19,(anonymous_2)
FNF:3
FNH:3
FNDA:2,(anonymous_0)
FNDA:10,(anonymous_1)
FNDA:10,(anonymous_2)
DA:12,4
DA:13,2
DA:18,10
DA:20,10
LF:4
LH:4
BRF:0
BRH:0
end_of_record
TN:
SF:src/components/screen/Home/item.tsx
FN:13,(anonymous_0)
FNF:1
FNH:1
FNDA:2,(anonymous_0)
DA:13,3
DA:15,2
DA:18,2
DA:36,3
LF:4
LH:4
BRDA:15,0,0,2
BRDA:15,0,1,0
BRDA:15,1,0,2
BRDA:15,1,1,2
BRF:4
BRH:3
end_of_record
TN:
SF:src/components/screen/Home/list.tsx
FN:12,(anonymous_0)
FN:20,(anonymous_1)
FN:22,(anonymous_2)
FN:26,(anonymous_3)
FNF:4
FNH:3
FNDA:1,(anonymous_0)
FNDA:1,(anonymous_1)
FNDA:1,(anonymous_2)
FNDA:0,(anonymous_3)
DA:12,3
DA:13,1
DA:20,1
DA:23,1
DA:26,0
DA:36,3
LF:6
LH:5
BRF:0
BRH:0
end_of_record
TN:
SF:src/components/screen/List/item.tsx
FN:14,(anonymous_0)
FN:23,(anonymous_1)
FNF:2
FNH:0
FNDA:0,(anonymous_0)
FNDA:0,(anonymous_1)
DA:14,2
DA:16,0
DA:19,0
DA:23,0
DA:44,2
LF:5
LH:2
BRDA:16,0,0,0
BRDA:16,0,1,0
BRDA:16,1,0,0
BRDA:16,1,1,0
BRF:4
BRH:0
end_of_record
TN:
SF:src/hooks/useGetRecipes.tsx
FN:102,(anonymous_0)
FNF:1
FNH:1
FNDA:3,(anonymous_0)
DA:4,3
DA:102,3
DA:103,3
DA:106,3
LF:4
LH:4
BRF:0
BRH:0
end_of_record
TN:
SF:src/navigation/index.tsx
FN:19,MainNavigation
FN:48,(anonymous_1)
FNF:2
FNH:1
FNDA:1,MainNavigation
FNDA:0,(anonymous_1)
DA:17,1
DA:20,1
DA:21,1
DA:49,0
LF:4
LH:3
BRF:0
BRH:0
end_of_record
TN:
SF:src/screens/Detail/index.tsx
FN:22,(anonymous_0)
FN:31,(anonymous_1)
FNF:2
FNH:2
FNDA:1,(anonymous_0)
FNDA:1,(anonymous_1)
DA:13,2
DA:14,2
DA:22,2
DA:23,1
DA:24,1
DA:27,1
DA:31,1
DA:32,1
DA:37,1
DA:49,1
DA:100,2
LF:11
LH:11
BRDA:27,0,0,1
BRDA:27,0,1,0
BRDA:27,1,0,1
BRDA:27,1,1,1
BRF:4
BRH:3
end_of_record
TN:
SF:src/screens/Home/index.tsx
FN:11,(anonymous_0)
FN:30,(anonymous_1)
FN:36,(anonymous_2)
FNF:3
FNH:1
FNDA:2,(anonymous_0)
FNDA:0,(anonymous_1)
FNDA:0,(anonymous_2)
DA:11,2
DA:12,2
DA:20,2
DA:30,0
DA:37,0
DA:48,2
LF:6
LH:4
BRDA:22,0,0,0
BRDA:22,0,1,2
BRDA:22,1,0,2
BRDA:22,1,1,0
BRDA:22,1,2,0
BRF:5
BRH:2
end_of_record
TN:
SF:src/screens/List/index.tsx
FN:8,(anonymous_0)
FN:18,(anonymous_1)
FN:26,(anonymous_2)
FN:32,(anonymous_3)
FN:33,(anonymous_4)
FN:35,(anonymous_5)
FN:38,(anonymous_6)
FNF:7
FNH:1
FNDA:1,(anonymous_0)
FNDA:0,(anonymous_1)
FNDA:0,(anonymous_2)
FNDA:0,(anonymous_3)
FNDA:0,(anonymous_4)
FNDA:0,(anonymous_5)
FNDA:0,(anonymous_6)
DA:8,2
DA:9,1
DA:10,1
DA:18,1
DA:19,0
DA:26,1
DA:27,0
DA:32,0
DA:33,0
DA:36,0
DA:38,0
DA:46,1
DA:57,2
LF:13
LH:7
BRDA:48,0,0,0
BRDA:48,0,1,1
BRDA:48,1,0,1
BRDA:48,1,1,0
BRDA:48,1,2,0
BRF:5
BRH:2
end_of_record
TN:
SF:src/services/apollo.tsx
FN:12,(anonymous_0)
FNF:1
FNH:0
FNDA:0,(anonymous_0)
DA:5,4
DA:14,0
DA:29,4
LF:3
LH:2
BRDA:12,0,0,0
BRDA:17,1,0,0
BRDA:17,1,1,0
BRF:3
BRH:0
end_of_record
TN:
SF:src/services/constants.tsx
FNF:0
FNH:0
DA:1,5
DA:2,5
LF:2
LH:2
BRF:0
BRH:0
end_of_record
TN:
SF:src/services/themes.tsx
FNF:0
FNH:0
DA:1,1
LF:1
LH:1
BRF:0
BRH:0
end_of_record
TN:
SF:src/services/translate.tsx
FNF:0
FNH:0
DA:5,5
DA:7,5
DA:8,5
DA:11,5
DA:12,5
DA:13,5
LF:6
LH:6
BRDA:7,0,0,5
BRDA:7,0,1,0
BRF:2
BRH:1
end_of_record
