TN:
SF:assets/locales/en.js
FNF:0
FNH:0
LF:0
LH:0
BRF:0
BRH:0
end_of_record
TN:
SF:src/App.tsx
FN:9,(anonymous_0)
FNF:1
FNH:1
FNDA:1,(anonymous_0)
DA:9,1
DA:10,1
LF:2
LH:2
BRF:0
BRH:0
end_of_record
TN:
SF:src/components/atomic/index.tsx
FNF:0
FNH:0
LF:0
LH:0
BRF:0
BRH:0
end_of_record
TN:
SF:src/components/atomic/Container/index.tsx
FN:9,(anonymous_0)
FNF:1
FNH:1
FNDA:6,(anonymous_0)
DA:9,6
DA:10,6
DA:17,6
LF:3
LH:3
BRF:0
BRH:0
end_of_record
TN:
SF:src/components/atomic/PieChart/index.tsx
FN:15,(anonymous_0)
FN:28,(anonymous_1)
FNF:2
FNH:1
FNDA:3,(anonymous_0)
FNDA:0,(anonymous_1)
DA:4,6
DA:15,6
DA:22,3
DA:29,0
DA:37,6
LF:5
LH:4
BRDA:5,0,0,6
BRDA:5,0,1,0
BRDA:16,1,0,0
BRDA:17,2,0,0
BRDA:18,3,0,0
BRF:5
BRH:1
end_of_record
TN:
SF:src/components/atomic/Section/index.tsx
FN:9,(anonymous_0)
FN:16,(anonymous_1)
FNF:2
FNH:2
FNDA:7,(anonymous_0)
FNDA:2,(anonymous_1)
DA:9,6
DA:10,7
DA:11,7
DA:16,2
DA:27,6
LF:5
LH:5
BRDA:19,0,0,2
BRDA:19,0,1,5
BRDA:22,1,0,7
BRDA:22,1,1,2
BRF:4
BRH:4
end_of_record
TN:
SF:src/components/common/Instruction/item.tsx
FN:9,(anonymous_0)
FNF:1
FNH:1
FNDA:33,(anonymous_0)
DA:9,3
DA:10,33
DA:22,3
LF:3
LH:3
BRF:0
BRH:0
end_of_record
TN:
SF:src/components/common/Instruction/list.tsx
FN:12,(anonymous_0)
FN:18,(anonymous_1)
FN:21,(anonymous_2)
FN:30,(anonymous_3)
FNF:4
FNH:4
FNDA:3,(anonymous_0)
FNDA:3,(anonymous_1)
FNDA:20,(anonymous_2)
FNDA:3,(anonymous_3)
DA:12,3
DA:13,3
DA:14,3
DA:15,1
DA:18,2
DA:19,3
DA:22,20
DA:28,2
DA:31,3
DA:48,3
LF:10
LH:10
BRDA:14,0,0,1
BRDA:14,0,1,2
BRDA:14,1,0,3
BRDA:14,1,1,3
BRDA:33,2,0,2
BRDA:33,2,1,1
BRDA:35,3,0,0
BRDA:35,3,1,2
BRF:8
BRH:7
end_of_record
TN:
SF:src/components/common/Nutrition/index.tsx
FN:17,(anonymous_0)
FN:23,(anonymous_1)
FN:30,(anonymous_2)
FN:34,(anonymous_3)
FN:46,(anonymous_4)
FN:55,(anonymous_5)
FN:66,(anonymous_6)
FNF:7
FNH:3
FNDA:2,(anonymous_0)
FNDA:6,(anonymous_1)
FNDA:0,(anonymous_2)
FNDA:0,(anonymous_3)
FNDA:10,(anonymous_4)
FNDA:0,(anonymous_5)
FNDA:0,(anonymous_6)
DA:15,3
DA:17,3
DA:18,2
DA:19,2
DA:21,2
DA:22,2
DA:23,2
DA:24,6
DA:25,6
DA:26,6
DA:30,2
DA:31,0
DA:34,2
DA:35,0
DA:36,0
DA:39,2
DA:41,2
DA:47,10
DA:48,0
DA:50,10
DA:55,0
DA:66,0
DA:77,3
LF:23
LH:17
BRDA:24,0,0,6
BRDA:24,0,1,0
BRDA:47,1,0,0
BRDA:47,1,1,10
BRF:4
BRH:2
end_of_record
TN:
SF:src/components/common/Nutrition/item.tsx
FN:13,(anonymous_0)
FN:23,(anonymous_1)
FNF:2
FNH:1
FNDA:6,(anonymous_0)
FNDA:0,(anonymous_1)
DA:13,3
DA:19,6
DA:20,6
DA:23,0
DA:52,3
LF:5
LH:4
BRDA:26,0,0,3
BRDA:26,0,1,3
BRDA:29,1,0,1
BRDA:29,1,1,2
BRDA:40,2,0,3
BRDA:40,2,1,3
BRF:6
BRH:6
end_of_record
TN:
SF:src/components/common/Tag/item.tsx
FN:12,(anonymous_0)
FNF:1
FNH:1
FNDA:12,(anonymous_0)
DA:12,4
DA:13,12
DA:14,12
DA:27,4
LF:4
LH:4
BRDA:17,0,0,12
BRDA:17,0,1,4
BRDA:18,1,0,12
BRDA:18,1,1,4
BRF:4
BRH:4
end_of_record
TN:
SF:src/components/common/Tag/list.tsx
FN:12,(anonymous_0)
FN:18,(anonymous_1)
FN:19,(anonymous_2)
FNF:3
FNH:3
FNDA:2,(anonymous_0)
FNDA:10,(anonymous_1)
FNDA:10,(anonymous_2)
DA:12,4
DA:13,2
DA:18,10
DA:20,10
LF:4
LH:4
BRF:0
BRH:0
end_of_record
TN:
SF:src/components/screen/Home/item.tsx
FN:12,(anonymous_0)
FNF:1
FNH:1
FNDA:2,(anonymous_0)
DA:12,3
DA:14,2
DA:17,2
DA:35,3
LF:4
LH:4
BRDA:14,0,0,2
BRDA:14,0,1,0
BRDA:14,1,0,2
BRDA:14,1,1,2
BRF:4
BRH:3
end_of_record
TN:
SF:src/components/screen/Home/list.tsx
FN:12,(anonymous_0)
FN:20,(anonymous_1)
FN:22,(anonymous_2)
FN:26,(anonymous_3)
FNF:4
FNH:3
FNDA:1,(anonymous_0)
FNDA:1,(anonymous_1)
FNDA:1,(anonymous_2)
FNDA:0,(anonymous_3)
DA:12,3
DA:13,1
DA:20,1
DA:23,1
DA:26,0
DA:36,3
LF:6
LH:5
BRF:0
BRH:0
end_of_record
TN:
SF:src/components/screen/List/item.tsx
FN:13,(anonymous_0)
FNF:1
FNH:0
FNDA:0,(anonymous_0)
DA:13,2
DA:15,0
DA:18,0
DA:39,2
LF:4
LH:2
BRDA:15,0,0,0
BRDA:15,0,1,0
BRDA:15,1,0,0
BRDA:15,1,1,0
BRF:4
BRH:0
end_of_record
TN:
SF:src/hooks/useGetRecipes.tsx
FN:102,(anonymous_0)
FNF:1
FNH:1
FNDA:3,(anonymous_0)
DA:4,3
DA:102,3
DA:103,3
DA:106,3
LF:4
LH:4
BRF:0
BRH:0
end_of_record
TN:
SF:src/navigation/index.tsx
FN:18,MainNavigation
FN:47,(anonymous_1)
FNF:2
FNH:1
FNDA:1,MainNavigation
FNDA:0,(anonymous_1)
DA:16,1
DA:19,1
DA:20,1
DA:48,0
LF:4
LH:3
BRF:0
BRH:0
end_of_record
TN:
SF:src/screens/Detail/index.tsx
FN:20,(anonymous_0)
FN:30,(anonymous_1)
FNF:2
FNH:2
FNDA:1,(anonymous_0)
FNDA:1,(anonymous_1)
DA:13,2
DA:14,2
DA:20,2
DA:21,1
DA:22,1
DA:23,1
DA:26,1
DA:30,1
DA:31,1
DA:36,1
DA:48,1
DA:99,2
LF:12
LH:12
BRDA:26,0,0,1
BRDA:26,0,1,0
BRDA:26,1,0,1
BRDA:26,1,1,1
BRF:4
BRH:3
end_of_record
TN:
SF:src/screens/Home/index.tsx
FN:11,(anonymous_0)
FN:29,(anonymous_1)
FN:35,(anonymous_2)
FNF:3
FNH:1
FNDA:2,(anonymous_0)
FNDA:0,(anonymous_1)
FNDA:0,(anonymous_2)
DA:11,2
DA:12,2
DA:19,2
DA:29,0
DA:36,0
DA:37,0
DA:48,2
LF:7
LH:4
BRDA:21,0,0,0
BRDA:21,0,1,2
BRF:2
BRH:1
end_of_record
TN:
SF:src/screens/List/index.tsx
FN:9,(anonymous_0)
FN:22,(anonymous_1)
FN:30,(anonymous_2)
FN:36,(anonymous_3)
FN:37,(anonymous_4)
FN:39,(anonymous_5)
FN:42,(anonymous_6)
FNF:7
FNH:1
FNDA:1,(anonymous_0)
FNDA:0,(anonymous_1)
FNDA:0,(anonymous_2)
FNDA:0,(anonymous_3)
FNDA:0,(anonymous_4)
FNDA:0,(anonymous_5)
FNDA:0,(anonymous_6)
DA:9,2
DA:10,1
DA:14,1
DA:22,1
DA:23,0
DA:30,1
DA:31,0
DA:36,0
DA:37,0
DA:40,0
DA:42,0
DA:50,1
DA:59,2
LF:13
LH:7
BRDA:52,0,0,0
BRDA:52,0,1,1
BRF:2
BRH:1
end_of_record
TN:
SF:src/services/apollo.tsx
FN:12,(anonymous_0)
FNF:1
FNH:0
FNDA:0,(anonymous_0)
DA:5,4
DA:14,0
DA:29,4
LF:3
LH:2
BRDA:12,0,0,0
BRDA:17,1,0,0
BRDA:17,1,1,0
BRF:3
BRH:0
end_of_record
TN:
SF:src/services/constants.tsx
FNF:0
FNH:0
DA:1,5
DA:2,5
LF:2
LH:2
BRF:0
BRH:0
end_of_record
TN:
SF:src/services/themes.ts
FNF:0
FNH:0
DA:3,1
LF:1
LH:1
BRF:0
BRH:0
end_of_record
TN:
SF:src/services/translate.tsx
FNF:0
FNH:0
DA:5,7
DA:7,7
DA:8,7
DA:11,7
DA:12,7
DA:13,7
LF:6
LH:6
BRDA:7,0,0,7
BRDA:7,0,1,0
BRF:2
BRH:1
end_of_record
